<?xml version="1.0" encoding="utf-8"?><testsuites name="pytest tests"><testsuite name="pytest" errors="14" failures="0" skipped="0" tests="29" time="1.841" timestamp="2026-01-09T06:14:53.022523+00:00" hostname="agent-env-0f6dac97-b569-42dc-a6b2-4bbf17cffb8f"><testcase classname="tests.test_comprehensive_apis.TestPublicEndpoints" name="test_health_check" time="0.082" /><testcase classname="tests.test_comprehensive_apis.TestPublicEndpoints" name="test_institution_directory_all" time="0.049" /><testcase classname="tests.test_comprehensive_apis.TestPublicEndpoints" name="test_institution_directory_stats" time="0.041" /><testcase classname="tests.test_comprehensive_apis.TestPublicEndpoints" name="test_leaderboard_institutions" time="0.043" /><testcase classname="tests.test_comprehensive_apis.TestPublicEndpoints" name="test_leaderboard_provinces" time="0.038" /><testcase classname="tests.test_comprehensive_apis.TestPublicEndpoints" name="test_leaderboard_stats" time="0.037" /><testcase classname="tests.test_comprehensive_apis.TestPublicEndpoints" name="test_public_jobs" time="0.039" /><testcase classname="tests.test_comprehensive_apis.TestPublicEndpoints" name="test_partner_logos" time="0.077" /><testcase classname="tests.test_comprehensive_apis.TestPublicEndpoints" name="test_google_oauth_status" time="0.039" /><testcase classname="tests.test_comprehensive_apis.TestAuthEndpoints" name="test_admin_login" time="0.258" /><testcase classname="tests.test_comprehensive_apis.TestAuthEndpoints" name="test_workforce_login" time="0.259" /><testcase classname="tests.test_comprehensive_apis.TestAuthEndpoints" name="test_employer_login" time="0.267" /><testcase classname="tests.test_comprehensive_apis.TestAuthEndpoints" name="test_institution_login" time="0.255" /><testcase classname="tests.test_comprehensive_apis.TestAuthEndpoints" name="test_invalid_login" time="0.034" /><testcase classname="tests.test_comprehensive_apis.TestSuperAdminEndpoints" name="test_dashboard" time="0.031"><error message="failed on setup with &quot;AssertionError: Admin login failed: {&quot;error&quot;:&quot;Rate limit exceeded: 5 per 1 minute&quot;}&#10;assert 429 == 200&#10; +  where 429 = &lt;Response [429]&gt;.status_code&quot;">tests/test_comprehensive_apis.py:29: in admin_token
    assert response.status_code == 200, f"Admin login failed: {response.text}"
E   AssertionError: Admin login failed: {"error":"Rate limit exceeded: 5 per 1 minute"}
E   assert 429 == 200
E    +  where 429 = &lt;Response [429]&gt;.status_code</error></testcase><testcase classname="tests.test_comprehensive_apis.TestSuperAdminEndpoints" name="test_pending_activations" time="0.000"><error message="failed on setup with &quot;AssertionError: Admin login failed: {&quot;error&quot;:&quot;Rate limit exceeded: 5 per 1 minute&quot;}&#10;assert 429 == 200&#10; +  where 429 = &lt;Response [429]&gt;.status_code&quot;">tests/test_comprehensive_apis.py:29: in admin_token
    assert response.status_code == 200, f"Admin login failed: {response.text}"
E   AssertionError: Admin login failed: {"error":"Rate limit exceeded: 5 per 1 minute"}
E   assert 429 == 200
E    +  where 429 = &lt;Response [429]&gt;.status_code</error></testcase><testcase classname="tests.test_comprehensive_apis.TestSuperAdminEndpoints" name="test_roles" time="0.000"><error message="failed on setup with &quot;AssertionError: Admin login failed: {&quot;error&quot;:&quot;Rate limit exceeded: 5 per 1 minute&quot;}&#10;assert 429 == 200&#10; +  where 429 = &lt;Response [429]&gt;.status_code&quot;">tests/test_comprehensive_apis.py:29: in admin_token
    assert response.status_code == 200, f"Admin login failed: {response.text}"
E   AssertionError: Admin login failed: {"error":"Rate limit exceeded: 5 per 1 minute"}
E   assert 429 == 200
E    +  where 429 = &lt;Response [429]&gt;.status_code</error></testcase><testcase classname="tests.test_comprehensive_apis.TestSuperAdminEndpoints" name="test_provinces" time="0.000"><error message="failed on setup with &quot;AssertionError: Admin login failed: {&quot;error&quot;:&quot;Rate limit exceeded: 5 per 1 minute&quot;}&#10;assert 429 == 200&#10; +  where 429 = &lt;Response [429]&gt;.status_code&quot;">tests/test_comprehensive_apis.py:29: in admin_token
    assert response.status_code == 200, f"Admin login failed: {response.text}"
E   AssertionError: Admin login failed: {"error":"Rate limit exceeded: 5 per 1 minute"}
E   assert 429 == 200
E    +  where 429 = &lt;Response [429]&gt;.status_code</error></testcase><testcase classname="tests.test_comprehensive_apis.TestSuperAdminEndpoints" name="test_zones" time="0.000"><error message="failed on setup with &quot;AssertionError: Admin login failed: {&quot;error&quot;:&quot;Rate limit exceeded: 5 per 1 minute&quot;}&#10;assert 429 == 200&#10; +  where 429 = &lt;Response [429]&gt;.status_code&quot;">tests/test_comprehensive_apis.py:29: in admin_token
    assert response.status_code == 200, f"Admin login failed: {response.text}"
E   AssertionError: Admin login failed: {"error":"Rate limit exceeded: 5 per 1 minute"}
E   assert 429 == 200
E    +  where 429 = &lt;Response [429]&gt;.status_code</error></testcase><testcase classname="tests.test_comprehensive_apis.TestWorkforceEndpoints" name="test_workforce_profile" time="0.035"><error message="failed on setup with &quot;AssertionError: Workforce login failed: {&quot;error&quot;:&quot;Rate limit exceeded: 5 per 1 minute&quot;}&#10;assert 429 == 200&#10; +  where 429 = &lt;Response [429]&gt;.status_code&quot;">tests/test_comprehensive_apis.py:42: in workforce_token
    assert response.status_code == 200, f"Workforce login failed: {response.text}"
E   AssertionError: Workforce login failed: {"error":"Rate limit exceeded: 5 per 1 minute"}
E   assert 429 == 200
E    +  where 429 = &lt;Response [429]&gt;.status_code</error></testcase><testcase classname="tests.test_comprehensive_apis.TestWorkforceEndpoints" name="test_workforce_dashboard" time="0.000"><error message="failed on setup with &quot;AssertionError: Workforce login failed: {&quot;error&quot;:&quot;Rate limit exceeded: 5 per 1 minute&quot;}&#10;assert 429 == 200&#10; +  where 429 = &lt;Response [429]&gt;.status_code&quot;">tests/test_comprehensive_apis.py:42: in workforce_token
    assert response.status_code == 200, f"Workforce login failed: {response.text}"
E   AssertionError: Workforce login failed: {"error":"Rate limit exceeded: 5 per 1 minute"}
E   assert 429 == 200
E    +  where 429 = &lt;Response [429]&gt;.status_code</error></testcase><testcase classname="tests.test_comprehensive_apis.TestEmployerEndpoints" name="test_employer_profile" time="0.030"><error message="failed on setup with &quot;AssertionError: Employer login failed: {&quot;error&quot;:&quot;Rate limit exceeded: 5 per 1 minute&quot;}&#10;assert 429 == 200&#10; +  where 429 = &lt;Response [429]&gt;.status_code&quot;">tests/test_comprehensive_apis.py:55: in employer_token
    assert response.status_code == 200, f"Employer login failed: {response.text}"
E   AssertionError: Employer login failed: {"error":"Rate limit exceeded: 5 per 1 minute"}
E   assert 429 == 200
E    +  where 429 = &lt;Response [429]&gt;.status_code</error></testcase><testcase classname="tests.test_comprehensive_apis.TestEmployerEndpoints" name="test_employer_dashboard" time="0.000"><error message="failed on setup with &quot;AssertionError: Employer login failed: {&quot;error&quot;:&quot;Rate limit exceeded: 5 per 1 minute&quot;}&#10;assert 429 == 200&#10; +  where 429 = &lt;Response [429]&gt;.status_code&quot;">tests/test_comprehensive_apis.py:55: in employer_token
    assert response.status_code == 200, f"Employer login failed: {response.text}"
E   AssertionError: Employer login failed: {"error":"Rate limit exceeded: 5 per 1 minute"}
E   assert 429 == 200
E    +  where 429 = &lt;Response [429]&gt;.status_code</error></testcase><testcase classname="tests.test_comprehensive_apis.TestInstitutionEndpoints" name="test_institution_profile" time="0.036"><error message="failed on setup with &quot;AssertionError: Institution login failed: {&quot;error&quot;:&quot;Rate limit exceeded: 5 per 1 minute&quot;}&#10;assert 429 == 200&#10; +  where 429 = &lt;Response [429]&gt;.status_code&quot;">tests/test_comprehensive_apis.py:68: in institution_token
    assert response.status_code == 200, f"Institution login failed: {response.text}"
E   AssertionError: Institution login failed: {"error":"Rate limit exceeded: 5 per 1 minute"}
E   assert 429 == 200
E    +  where 429 = &lt;Response [429]&gt;.status_code</error></testcase><testcase classname="tests.test_comprehensive_apis.TestInstitutionEndpoints" name="test_institution_dashboard" time="0.000"><error message="failed on setup with &quot;AssertionError: Institution login failed: {&quot;error&quot;:&quot;Rate limit exceeded: 5 per 1 minute&quot;}&#10;assert 429 == 200&#10; +  where 429 = &lt;Response [429]&gt;.status_code&quot;">tests/test_comprehensive_apis.py:68: in institution_token
    assert response.status_code == 200, f"Institution login failed: {response.text}"
E   AssertionError: Institution login failed: {"error":"Rate limit exceeded: 5 per 1 minute"}
E   assert 429 == 200
E    +  where 429 = &lt;Response [429]&gt;.status_code</error></testcase><testcase classname="tests.test_comprehensive_apis.TestCredentialsEndpoints" name="test_credential_types" time="0.036" /><testcase classname="tests.test_comprehensive_apis.TestCredentialsEndpoints" name="test_my_credentials" time="0.000"><error message="failed on setup with &quot;AssertionError: Workforce login failed: {&quot;error&quot;:&quot;Rate limit exceeded: 5 per 1 minute&quot;}&#10;assert 429 == 200&#10; +  where 429 = &lt;Response [429]&gt;.status_code&quot;">tests/test_comprehensive_apis.py:42: in workforce_token
    assert response.status_code == 200, f"Workforce login failed: {response.text}"
E   AssertionError: Workforce login failed: {"error":"Rate limit exceeded: 5 per 1 minute"}
E   assert 429 == 200
E    +  where 429 = &lt;Response [429]&gt;.status_code</error></testcase><testcase classname="tests.test_comprehensive_apis.TestEmmaEndpoints" name="test_emma_conversation" time="0.000"><error message="failed on setup with &quot;AssertionError: Workforce login failed: {&quot;error&quot;:&quot;Rate limit exceeded: 5 per 1 minute&quot;}&#10;assert 429 == 200&#10; +  where 429 = &lt;Response [429]&gt;.status_code&quot;">tests/test_comprehensive_apis.py:42: in workforce_token
    assert response.status_code == 200, f"Workforce login failed: {response.text}"
E   AssertionError: Workforce login failed: {"error":"Rate limit exceeded: 5 per 1 minute"}
E   assert 429 == 200
E    +  where 429 = &lt;Response [429]&gt;.status_code</error></testcase><testcase classname="tests.test_comprehensive_apis.TestEmmaEndpoints" name="test_emma_chat" time="0.000"><error message="failed on setup with &quot;AssertionError: Workforce login failed: {&quot;error&quot;:&quot;Rate limit exceeded: 5 per 1 minute&quot;}&#10;assert 429 == 200&#10; +  where 429 = &lt;Response [429]&gt;.status_code&quot;">tests/test_comprehensive_apis.py:42: in workforce_token
    assert response.status_code == 200, f"Workforce login failed: {response.text}"
E   AssertionError: Workforce login failed: {"error":"Rate limit exceeded: 5 per 1 minute"}
E   assert 429 == 200
E    +  where 429 = &lt;Response [429]&gt;.status_code</error></testcase></testsuite></testsuites>